<?xml version="1.0" encoding="UTF-8"?>
<!-- Generated by org.testng.reporters.JUnitXMLReporter -->
<testsuite ignored="6" hostname="DESKTOP-D20M2SU" failures="0" tests="1" name="Default test" time="2.603" errors="0" timestamp="2025-09-16T09:09:56 KST">
  <testcase classname="org.shark.boot02.ApplicationTests" name="boardInsertTest" time="0.029"/>
  <testcase classname="org.shark.boot02.ApplicationTests" name="boardListTest" time="0.0">
    <ignored/>
  </testcase> <!-- boardListTest -->
  <testcase classname="org.shark.boot02.ApplicationTests" name="nowTest" time="0.0">
    <ignored/>
  </testcase> <!-- nowTest -->
  <testcase classname="org.shark.boot02.ApplicationTests" name="boardDeleteTest" time="0.0">
    <ignored/>
  </testcase> <!-- boardDeleteTest -->
  <testcase classname="org.shark.boot02.ApplicationTests" name="boardUpdateTest" time="0.0">
    <ignored/>
  </testcase> <!-- boardUpdateTest -->
  <testcase classname="org.shark.boot02.ApplicationTests" name="boardDetailTest" time="0.0">
    <ignored/>
  </testcase> <!-- boardDetailTest -->
  <testcase classname="org.shark.boot02.ApplicationTests" name="contextLoads" time="0.0">
    <ignored/>
  </testcase> <!-- contextLoads -->
</testsuite> <!-- Default test -->
