<?xml version="1.0" encoding="UTF-8"?>
<testng-results ignored="0" total="1" passed="1" failed="0" skipped="0">
  <reporter-output>
  </reporter-output>
  <suite started-at="2025-09-15T17:47:45 KST" name="Default suite" finished-at="2025-09-15T17:47:47 KST" duration-ms="2483">
    <groups>
    </groups>
    <test started-at="2025-09-15T17:47:45 KST" name="Default test" finished-at="2025-09-15T17:47:47 KST" duration-ms="2483">
      <class name="org.shark.boot02.ApplicationTests">
        <test-method is-config="true" signature="springTestContextBeforeTestClass()[pri:0, instance:org.shark.boot02.ApplicationTests@463b4ac8]" started-at="2025-09-15T17:47:45 KST" name="springTestContextBeforeTestClass" finished-at="2025-09-15T17:47:45 KST" duration-ms="8" status="PASS">
          <reporter-output>
          </reporter-output>
        </test-method> <!-- springTestContextBeforeTestClass -->
        <test-method is-config="true" signature="springTestContextPrepareTestInstance()[pri:0, instance:org.shark.boot02.ApplicationTests@463b4ac8]" started-at="2025-09-15T17:47:45 KST" name="springTestContextPrepareTestInstance" finished-at="2025-09-15T17:47:47 KST" depends-on-methods="org.springframework.test.context.testng.AbstractTestNGSpringContextTests.springTestContextBeforeTestClass" duration-ms="1947" status="PASS">
          <reporter-output>
          </reporter-output>
        </test-method> <!-- springTestContextPrepareTestInstance -->
        <test-method is-config="true" signature="springTestContextBeforeTestMethod(java.lang.reflect.Method)[pri:0, instance:org.shark.boot02.ApplicationTests@463b4ac8]" started-at="2025-09-15T17:47:47 KST" name="springTestContextBeforeTestMethod" finished-at="2025-09-15T17:47:47 KST" duration-ms="464" status="PASS">
          <params>
            <param index="0">
              <value>
                <![CDATA[public void org.shark.boot02.ApplicationTests.boardInsertTest()]]>
              </value>
            </param>
          </params>
          <reporter-output>
          </reporter-output>
        </test-method> <!-- springTestContextBeforeTestMethod -->
        <test-method signature="boardInsertTest()[pri:1, instance:org.shark.boot02.ApplicationTests@463b4ac8]" started-at="2025-09-15T17:47:47 KST" name="boardInsertTest" description="신규 게시글 등록 테스트" finished-at="2025-09-15T17:47:47 KST" duration-ms="30" status="PASS">
          <reporter-output>
          </reporter-output>
        </test-method> <!-- boardInsertTest -->
        <test-method is-config="true" signature="springTestContextAfterTestMethod(java.lang.reflect.Method)[pri:0, instance:org.shark.boot02.ApplicationTests@463b4ac8]" started-at="2025-09-15T17:47:47 KST" name="springTestContextAfterTestMethod" finished-at="2025-09-15T17:47:47 KST" duration-ms="4" status="PASS">
          <params>
            <param index="0">
              <value>
                <![CDATA[public void org.shark.boot02.ApplicationTests.boardInsertTest()]]>
              </value>
            </param>
          </params>
          <reporter-output>
          </reporter-output>
        </test-method> <!-- springTestContextAfterTestMethod -->
        <test-method is-config="true" signature="springTestContextAfterTestClass()[pri:0, instance:org.shark.boot02.ApplicationTests@463b4ac8]" started-at="2025-09-15T17:47:47 KST" name="springTestContextAfterTestClass" finished-at="2025-09-15T17:47:47 KST" duration-ms="2" status="PASS">
          <reporter-output>
          </reporter-output>
        </test-method> <!-- springTestContextAfterTestClass -->
      </class> <!-- org.shark.boot02.ApplicationTests -->
    </test> <!-- Default test -->
  </suite> <!-- Default suite -->
</testng-results>
